

Started GET "/" for 127.0.0.1 at 2016-03-23 16:49:00 -0300
Processing by HomeController#index as HTML
  Rendered home/index.erb (1.9ms)
Completed 200 OK in 7ms (Views: 6.9ms)


Started GET "/" for 127.0.0.1 at 2016-03-23 16:50:19 -0300
Processing by HomeController#index as HTML
  Rendered home/index.erb within layouts/application (0.1ms)
Completed 200 OK in 148ms (Views: 147.8ms)


Started GET "/assets/application.self-e3b0c44298fc1c149afbf4c8996fb92427ae41e4649b934ca495991b7852b855.css?body=1" for 127.0.0.1 at 2016-03-23 16:50:19 -0300


Started GET "/assets/application.self-e3b0c44298fc1c149afbf4c8996fb92427ae41e4649b934ca495991b7852b855.js?body=1" for 127.0.0.1 at 2016-03-23 16:50:19 -0300


Started GET "/images/favicon.ico" for 127.0.0.1 at 2016-03-23 16:50:19 -0300

ActionController::RoutingError (No route matches [GET] "/images/favicon.ico"):
  actionpack (4.2.0) lib/action_dispatch/middleware/debug_exceptions.rb:21:in `call'
  actionpack (4.2.0) lib/action_dispatch/middleware/show_exceptions.rb:30:in `call'
  railties (4.2.0) lib/rails/rack/logger.rb:38:in `call_app'
  railties (4.2.0) lib/rails/rack/logger.rb:20:in `block in call'
  activesupport (4.2.0) lib/active_support/tagged_logging.rb:68:in `block in tagged'
  activesupport (4.2.0) lib/active_support/tagged_logging.rb:26:in `tagged'
  activesupport (4.2.0) lib/active_support/tagged_logging.rb:68:in `tagged'
  railties (4.2.0) lib/rails/rack/logger.rb:20:in `call'
  actionpack (4.2.0) lib/action_dispatch/middleware/request_id.rb:21:in `call'
  rack (1.6.4) lib/rack/methodoverride.rb:22:in `call'
  rack (1.6.4) lib/rack/runtime.rb:18:in `call'
  activesupport (4.2.0) lib/active_support/cache/strategy/local_cache_middleware.rb:28:in `call'
  rack (1.6.4) lib/rack/lock.rb:17:in `call'
  actionpack (4.2.0) lib/action_dispatch/middleware/static.rb:113:in `call'
  rack (1.6.4) lib/rack/sendfile.rb:113:in `call'
  railties (4.2.0) lib/rails/engine.rb:518:in `call'
  railties (4.2.0) lib/rails/application.rb:164:in `call'
  rack (1.6.4) lib/rack/content_length.rb:15:in `call'
  puma (3.2.0) lib/puma/configuration.rb:227:in `call'
  puma (3.2.0) lib/puma/server.rb:561:in `handle_request'
  puma (3.2.0) lib/puma/server.rb:406:in `process_client'
  puma (3.2.0) lib/puma/server.rb:271:in `block in run'
  puma (3.2.0) lib/puma/thread_pool.rb:111:in `call'
  puma (3.2.0) lib/puma/thread_pool.rb:111:in `block in spawn_thread'


  Rendered /home/brolim/.rvm/gems/ruby-2.2.1/gems/actionpack-4.2.0/lib/action_dispatch/middleware/templates/rescues/_trace.html.erb (0.9ms)
  Rendered /home/brolim/.rvm/gems/ruby-2.2.1/gems/actionpack-4.2.0/lib/action_dispatch/middleware/templates/routes/_route.html.erb (0.4ms)
  Rendered /home/brolim/.rvm/gems/ruby-2.2.1/gems/actionpack-4.2.0/lib/action_dispatch/middleware/templates/routes/_table.html.erb (3.7ms)
  Rendered /home/brolim/.rvm/gems/ruby-2.2.1/gems/actionpack-4.2.0/lib/action_dispatch/middleware/templates/rescues/_request_and_response.html.erb (9.1ms)
  Rendered /home/brolim/.rvm/gems/ruby-2.2.1/gems/actionpack-4.2.0/lib/action_dispatch/middleware/templates/rescues/routing_error.html.erb within rescues/layout (26.7ms)


Started GET "/" for 127.0.0.1 at 2016-03-23 16:50:34 -0300
Processing by HomeController#index as HTML
  Rendered home/index.erb within layouts/application (0.2ms)
Completed 200 OK in 8ms (Views: 8.0ms)


Started GET "/assets/application.self-e3b0c44298fc1c149afbf4c8996fb92427ae41e4649b934ca495991b7852b855.css?body=1" for 127.0.0.1 at 2016-03-23 16:50:34 -0300


Started GET "/assets/application.self-e3b0c44298fc1c149afbf4c8996fb92427ae41e4649b934ca495991b7852b855.js?body=1" for 127.0.0.1 at 2016-03-23 16:50:34 -0300


Started GET "/" for 127.0.0.1 at 2016-03-23 16:50:45 -0300
Processing by HomeController#index as HTML
  Rendered home/index.erb within layouts/application (0.1ms)
Completed 200 OK in 11ms (Views: 10.5ms)


Started GET "/assets/application.self-e3b0c44298fc1c149afbf4c8996fb92427ae41e4649b934ca495991b7852b855.js?body=1" for 127.0.0.1 at 2016-03-23 16:50:45 -0300


Started GET "/assets/application.self-e3b0c44298fc1c149afbf4c8996fb92427ae41e4649b934ca495991b7852b855.css?body=1" for 127.0.0.1 at 2016-03-23 16:50:45 -0300


Started GET "/" for 127.0.0.1 at 2016-03-23 17:18:17 -0300
Processing by HomeController#index as HTML
  Rendered home/index.erb within layouts/application (2.2ms)
Completed 200 OK in 145ms (Views: 144.6ms)


Started GET "/assets/application.self-e3b0c44298fc1c149afbf4c8996fb92427ae41e4649b934ca495991b7852b855.css?body=1" for 127.0.0.1 at 2016-03-23 17:18:17 -0300


Started GET "/assets/application.self-e3b0c44298fc1c149afbf4c8996fb92427ae41e4649b934ca495991b7852b855.js?body=1" for 127.0.0.1 at 2016-03-23 17:18:17 -0300


Started GET "/" for 127.0.0.1 at 2016-03-23 17:18:32 -0300
Processing by HomeController#index as HTML
  Rendered home/index.erb within layouts/application (1.0ms)
Completed 200 OK in 17ms (Views: 17.2ms)


Started GET "/assets/application.self-e3b0c44298fc1c149afbf4c8996fb92427ae41e4649b934ca495991b7852b855.css?body=1" for 127.0.0.1 at 2016-03-23 17:18:32 -0300


Started GET "/assets/application.self-e3b0c44298fc1c149afbf4c8996fb92427ae41e4649b934ca495991b7852b855.js?body=1" for 127.0.0.1 at 2016-03-23 17:18:32 -0300


Started GET "/" for 127.0.0.1 at 2016-03-23 17:18:49 -0300
Processing by HomeController#index as HTML
  Rendered home/index.erb within layouts/application (2.5ms)
Completed 200 OK in 19ms (Views: 18.9ms)


Started GET "/assets/application.self-e3b0c44298fc1c149afbf4c8996fb92427ae41e4649b934ca495991b7852b855.js?body=1" for 127.0.0.1 at 2016-03-23 17:18:49 -0300


Started GET "/assets/application.self-e3b0c44298fc1c149afbf4c8996fb92427ae41e4649b934ca495991b7852b855.css?body=1" for 127.0.0.1 at 2016-03-23 17:18:49 -0300


Started GET "/" for 127.0.0.1 at 2016-03-23 17:21:23 -0300
Processing by HomeController#index as HTML
  Rendered home/index.erb within layouts/application (20.2ms)
Completed 500 Internal Server Error in 22ms

ActionView::Template::Error (undefined local variable or method `informacoes_base_local' for #<#<Class:0x007f2f20055ab8>:0x007f2f1d95f580>):
     6: 
     7: 	<div>
     8: 		
     9: 		<% informacoes_base_local.each do |chave, valor| %>
    10: 			
    11: 			<div class="par_chave_valor">
    12: 				
  app/views/home/index.erb:9:in `_app_views_home_index_erb__1424119495241333668_69920168276580'


  Rendered /home/brolim/.rvm/gems/ruby-2.2.1/gems/actionpack-4.2.0/lib/action_dispatch/middleware/templates/rescues/_source.erb (4.1ms)
  Rendered /home/brolim/.rvm/gems/ruby-2.2.1/gems/actionpack-4.2.0/lib/action_dispatch/middleware/templates/rescues/_trace.html.erb (1.6ms)
  Rendered /home/brolim/.rvm/gems/ruby-2.2.1/gems/actionpack-4.2.0/lib/action_dispatch/middleware/templates/rescues/_request_and_response.html.erb (0.8ms)
  Rendered /home/brolim/.rvm/gems/ruby-2.2.1/gems/actionpack-4.2.0/lib/action_dispatch/middleware/templates/rescues/template_error.html.erb within rescues/layout (14.5ms)


Started GET "/" for 127.0.0.1 at 2016-03-23 17:23:03 -0300
Processing by HomeController#index as HTML
  Rendered home/index.erb within layouts/application (0.5ms)
Completed 200 OK in 6ms (Views: 6.2ms)




Started GET "/assets/application.self-e3b0c44298fc1c149afbf4c8996fb92427ae41e4649b934ca495991b7852b855.css?body=1" for 127.0.0.1 at 2016-03-23 17:23:03 -0300
Started GET "/assets/application.self-e3b0c44298fc1c149afbf4c8996fb92427ae41e4649b934ca495991b7852b855.js?body=1" for 127.0.0.1 at 2016-03-23 17:23:03 -0300


Started GET "/" for 127.0.0.1 at 2016-03-23 17:23:45 -0300
Processing by HomeController#index as HTML
  Rendered home/index.erb within layouts/application (1.6ms)
Completed 200 OK in 15ms (Views: 14.4ms)


Started GET "/assets/application.self-e3b0c44298fc1c149afbf4c8996fb92427ae41e4649b934ca495991b7852b855.css?body=1" for 127.0.0.1 at 2016-03-23 17:23:45 -0300


Started GET "/assets/application.self-e3b0c44298fc1c149afbf4c8996fb92427ae41e4649b934ca495991b7852b855.js?body=1" for 127.0.0.1 at 2016-03-23 17:23:45 -0300


Started GET "/" for 127.0.0.1 at 2016-03-23 17:24:13 -0300
Processing by HomeController#index as HTML
  Rendered home/index.erb within layouts/application (1.1ms)
Completed 200 OK in 16ms (Views: 15.0ms)




Started GET "/assets/application.self-e3b0c44298fc1c149afbf4c8996fb92427ae41e4649b934ca495991b7852b855.css?body=1" for 127.0.0.1 at 2016-03-23 17:24:13 -0300
Started GET "/assets/application.self-e3b0c44298fc1c149afbf4c8996fb92427ae41e4649b934ca495991b7852b855.js?body=1" for 127.0.0.1 at 2016-03-23 17:24:13 -0300


Started GET "/" for 127.0.0.1 at 2016-03-23 17:24:25 -0300
Processing by HomeController#index as HTML
  Rendered home/index.erb within layouts/application (1.3ms)
Completed 200 OK in 13ms (Views: 12.5ms)


Started GET "/assets/application.self-e3b0c44298fc1c149afbf4c8996fb92427ae41e4649b934ca495991b7852b855.css?body=1" for 127.0.0.1 at 2016-03-23 17:24:25 -0300


Started GET "/assets/application.self-e3b0c44298fc1c149afbf4c8996fb92427ae41e4649b934ca495991b7852b855.js?body=1" for 127.0.0.1 at 2016-03-23 17:24:25 -0300


Started GET "/" for 127.0.0.1 at 2016-03-23 17:24:36 -0300
Processing by HomeController#index as HTML
  Rendered home/index.erb within layouts/application (1.1ms)
Completed 200 OK in 11ms (Views: 11.0ms)


Started GET "/assets/application.self-e3b0c44298fc1c149afbf4c8996fb92427ae41e4649b934ca495991b7852b855.css?body=1" for 127.0.0.1 at 2016-03-23 17:24:36 -0300


Started GET "/assets/application.self-e3b0c44298fc1c149afbf4c8996fb92427ae41e4649b934ca495991b7852b855.js?body=1" for 127.0.0.1 at 2016-03-23 17:24:36 -0300


Started GET "/" for 127.0.0.1 at 2016-03-23 17:24:40 -0300
Processing by HomeController#index as HTML
  Rendered home/index.erb within layouts/application (2.0ms)
Completed 200 OK in 12ms (Views: 11.4ms)




Started GET "/assets/application.self-e3b0c44298fc1c149afbf4c8996fb92427ae41e4649b934ca495991b7852b855.js?body=1" for 127.0.0.1 at 2016-03-23 17:24:40 -0300
Started GET "/assets/application.self-e3b0c44298fc1c149afbf4c8996fb92427ae41e4649b934ca495991b7852b855.css?body=1" for 127.0.0.1 at 2016-03-23 17:24:40 -0300


Started GET "/" for 127.0.0.1 at 2016-03-23 17:24:49 -0300
Processing by HomeController#index as HTML
  Rendered home/index.erb within layouts/application (1.2ms)
Completed 200 OK in 15ms (Views: 14.5ms)


Started GET "/assets/application.self-e3b0c44298fc1c149afbf4c8996fb92427ae41e4649b934ca495991b7852b855.js?body=1" for 127.0.0.1 at 2016-03-23 17:24:49 -0300


Started GET "/assets/application.self-e3b0c44298fc1c149afbf4c8996fb92427ae41e4649b934ca495991b7852b855.css?body=1" for 127.0.0.1 at 2016-03-23 17:24:49 -0300


Started GET "/" for 127.0.0.1 at 2016-03-23 17:24:57 -0300
Processing by HomeController#index as HTML
  Rendered home/index.erb within layouts/application (1.3ms)
Completed 200 OK in 11ms (Views: 10.7ms)


Started GET "/assets/application.self-e3b0c44298fc1c149afbf4c8996fb92427ae41e4649b934ca495991b7852b855.css?body=1" for 127.0.0.1 at 2016-03-23 17:24:57 -0300


Started GET "/assets/application.self-e3b0c44298fc1c149afbf4c8996fb92427ae41e4649b934ca495991b7852b855.js?body=1" for 127.0.0.1 at 2016-03-23 17:24:57 -0300


Started GET "/" for 127.0.0.1 at 2016-03-23 17:25:15 -0300
Processing by HomeController#index as HTML
  Rendered home/index.erb within layouts/application (1.8ms)
Completed 200 OK in 13ms (Views: 12.5ms)


Started GET "/assets/application.self-e3b0c44298fc1c149afbf4c8996fb92427ae41e4649b934ca495991b7852b855.js?body=1" for 127.0.0.1 at 2016-03-23 17:25:15 -0300


Started GET "/assets/application.self-e3b0c44298fc1c149afbf4c8996fb92427ae41e4649b934ca495991b7852b855.css?body=1" for 127.0.0.1 at 2016-03-23 17:25:15 -0300


Started GET "/" for 127.0.0.1 at 2016-03-23 17:25:35 -0300
Processing by HomeController#index as HTML
  Rendered home/index.erb within layouts/application (0.2ms)
Completed 200 OK in 8ms (Views: 7.5ms)


Started GET "/assets/application.self-e3b0c44298fc1c149afbf4c8996fb92427ae41e4649b934ca495991b7852b855.js?body=1" for 127.0.0.1 at 2016-03-23 17:25:35 -0300


Started GET "/assets/application.self-e3b0c44298fc1c149afbf4c8996fb92427ae41e4649b934ca495991b7852b855.css?body=1" for 127.0.0.1 at 2016-03-23 17:25:35 -0300


Started GET "/" for 127.0.0.1 at 2016-03-23 17:25:48 -0300
Processing by HomeController#index as HTML
  Rendered home/index.erb within layouts/application (1.1ms)
Completed 200 OK in 15ms (Views: 14.6ms)


Started GET "/assets/application.self-e3b0c44298fc1c149afbf4c8996fb92427ae41e4649b934ca495991b7852b855.css?body=1" for 127.0.0.1 at 2016-03-23 17:25:48 -0300


Started GET "/assets/application.self-e3b0c44298fc1c149afbf4c8996fb92427ae41e4649b934ca495991b7852b855.js?body=1" for 127.0.0.1 at 2016-03-23 17:25:48 -0300


Started GET "/" for 127.0.0.1 at 2016-03-23 17:26:43 -0300

SyntaxError (/home/brolim/projetos/rcs_base_local/app/controllers/home_controller.rb:7: syntax error, unexpected tSTRING_BEG, expecting '}'
      'último contato com a central...
       ^
/home/brolim/projetos/rcs_base_local/app/controllers/home_controller.rb:7: syntax error, unexpected =>, expecting keyword_end
...ltimo contato com a central' => Time.new(2016, 3, 20, 23, 43...
...                               ^
/home/brolim/projetos/rcs_base_local/app/controllers/home_controller.rb:8: syntax error, unexpected '}', expecting keyword_end):
  app/controllers/home_controller.rb:7: syntax error, unexpected tSTRING_BEG, expecting '}'
  app/controllers/home_controller.rb:7: syntax error, unexpected =>, expecting keyword_end
  app/controllers/home_controller.rb:8: syntax error, unexpected '}', expecting keyword_end


  Rendered /home/brolim/.rvm/gems/ruby-2.2.1/gems/actionpack-4.2.0/lib/action_dispatch/middleware/templates/rescues/_source.erb (4.0ms)
  Rendered /home/brolim/.rvm/gems/ruby-2.2.1/gems/actionpack-4.2.0/lib/action_dispatch/middleware/templates/rescues/_trace.html.erb (2.2ms)
  Rendered /home/brolim/.rvm/gems/ruby-2.2.1/gems/actionpack-4.2.0/lib/action_dispatch/middleware/templates/rescues/_request_and_response.html.erb (1.2ms)
  Rendered /home/brolim/.rvm/gems/ruby-2.2.1/gems/actionpack-4.2.0/lib/action_dispatch/middleware/templates/rescues/diagnostics.html.erb within rescues/layout (17.0ms)


Started GET "/" for 127.0.0.1 at 2016-03-23 17:26:47 -0300
Processing by HomeController#index as HTML
  Rendered home/index.erb within layouts/application (0.1ms)
Completed 200 OK in 7ms (Views: 7.1ms)




Started GET "/assets/application.self-e3b0c44298fc1c149afbf4c8996fb92427ae41e4649b934ca495991b7852b855.css?body=1" for 127.0.0.1 at 2016-03-23 17:26:47 -0300
Started GET "/assets/application.self-e3b0c44298fc1c149afbf4c8996fb92427ae41e4649b934ca495991b7852b855.js?body=1" for 127.0.0.1 at 2016-03-23 17:26:47 -0300


Started GET "/" for 127.0.0.1 at 2016-03-23 17:27:15 -0300
Processing by HomeController#index as HTML
  Rendered home/index.erb within layouts/application (0.2ms)
Completed 200 OK in 16ms (Views: 14.2ms)


Started GET "/assets/application.self-e3b0c44298fc1c149afbf4c8996fb92427ae41e4649b934ca495991b7852b855.js?body=1" for 127.0.0.1 at 2016-03-23 17:27:15 -0300


Started GET "/assets/application.self-e3b0c44298fc1c149afbf4c8996fb92427ae41e4649b934ca495991b7852b855.css?body=1" for 127.0.0.1 at 2016-03-23 17:27:15 -0300


Started GET "/" for 127.0.0.1 at 2016-03-23 17:28:30 -0300

SyntaxError (/home/brolim/projetos/rcs_base_local/app/controllers/home_controller.rb:11: syntax error, unexpected tSTRING_BEG, expecting '}'
      'último contato com a central...
       ^
/home/brolim/projetos/rcs_base_local/app/controllers/home_controller.rb:11: syntax error, unexpected =>, expecting keyword_end
...ltimo contato com a central' => (@agora + 25.minutes).strfti...
...                               ^
/home/brolim/projetos/rcs_base_local/app/controllers/home_controller.rb:12: syntax error, unexpected '}', expecting keyword_end):
  app/controllers/home_controller.rb:11: syntax error, unexpected tSTRING_BEG, expecting '}'
  app/controllers/home_controller.rb:11: syntax error, unexpected =>, expecting keyword_end
  app/controllers/home_controller.rb:12: syntax error, unexpected '}', expecting keyword_end


  Rendered /home/brolim/.rvm/gems/ruby-2.2.1/gems/actionpack-4.2.0/lib/action_dispatch/middleware/templates/rescues/_source.erb (4.8ms)
  Rendered /home/brolim/.rvm/gems/ruby-2.2.1/gems/actionpack-4.2.0/lib/action_dispatch/middleware/templates/rescues/_trace.html.erb (2.8ms)
  Rendered /home/brolim/.rvm/gems/ruby-2.2.1/gems/actionpack-4.2.0/lib/action_dispatch/middleware/templates/rescues/_request_and_response.html.erb (1.2ms)
  Rendered /home/brolim/.rvm/gems/ruby-2.2.1/gems/actionpack-4.2.0/lib/action_dispatch/middleware/templates/rescues/diagnostics.html.erb within rescues/layout (19.3ms)


Started GET "/" for 127.0.0.1 at 2016-03-23 17:28:34 -0300
Processing by HomeController#index as HTML
  Rendered home/index.erb within layouts/application (0.1ms)
Completed 200 OK in 8ms (Views: 7.0ms)


Started GET "/assets/application.self-e3b0c44298fc1c149afbf4c8996fb92427ae41e4649b934ca495991b7852b855.css?body=1" for 127.0.0.1 at 2016-03-23 17:28:34 -0300


Started GET "/assets/application.self-e3b0c44298fc1c149afbf4c8996fb92427ae41e4649b934ca495991b7852b855.js?body=1" for 127.0.0.1 at 2016-03-23 17:28:34 -0300


Started GET "/" for 127.0.0.1 at 2016-03-23 17:57:09 -0300
Processing by HomeController#index as HTML
  Rendered home/index.erb within layouts/application (1.0ms)
Completed 200 OK in 157ms (Views: 156.0ms)


Started GET "/" for 127.0.0.1 at 2016-03-23 18:02:48 -0300
Processing by HomeController#index as HTML
  Rendered home/index.erb within layouts/application (1.3ms)
Completed 200 OK in 170ms (Views: 169.0ms)


Started GET "/assets/application.self-e3b0c44298fc1c149afbf4c8996fb92427ae41e4649b934ca495991b7852b855.css?body=1" for 127.0.0.1 at 2016-03-23 18:02:48 -0300


Started GET "/assets/application.self-e3b0c44298fc1c149afbf4c8996fb92427ae41e4649b934ca495991b7852b855.js?body=1" for 127.0.0.1 at 2016-03-23 18:02:48 -0300


Started GET "/alarmes/criar_ou_atualizar_alarmes" for 127.0.0.1 at 2016-03-23 18:02:56 -0300

ActionController::RoutingError (No route matches [GET] "/alarmes/criar_ou_atualizar_alarmes"):
  actionpack (4.2.0) lib/action_dispatch/middleware/debug_exceptions.rb:21:in `call'
  actionpack (4.2.0) lib/action_dispatch/middleware/show_exceptions.rb:30:in `call'
  railties (4.2.0) lib/rails/rack/logger.rb:38:in `call_app'
  railties (4.2.0) lib/rails/rack/logger.rb:20:in `block in call'
  activesupport (4.2.0) lib/active_support/tagged_logging.rb:68:in `block in tagged'
  activesupport (4.2.0) lib/active_support/tagged_logging.rb:26:in `tagged'
  activesupport (4.2.0) lib/active_support/tagged_logging.rb:68:in `tagged'
  railties (4.2.0) lib/rails/rack/logger.rb:20:in `call'
  actionpack (4.2.0) lib/action_dispatch/middleware/request_id.rb:21:in `call'
  rack (1.6.4) lib/rack/methodoverride.rb:22:in `call'
  rack (1.6.4) lib/rack/runtime.rb:18:in `call'
  activesupport (4.2.0) lib/active_support/cache/strategy/local_cache_middleware.rb:28:in `call'
  rack (1.6.4) lib/rack/lock.rb:17:in `call'
  actionpack (4.2.0) lib/action_dispatch/middleware/static.rb:113:in `call'
  rack (1.6.4) lib/rack/sendfile.rb:113:in `call'
  railties (4.2.0) lib/rails/engine.rb:518:in `call'
  railties (4.2.0) lib/rails/application.rb:164:in `call'
  rack (1.6.4) lib/rack/content_length.rb:15:in `call'
  puma (3.2.0) lib/puma/configuration.rb:227:in `call'
  puma (3.2.0) lib/puma/server.rb:561:in `handle_request'
  puma (3.2.0) lib/puma/server.rb:406:in `process_client'
  puma (3.2.0) lib/puma/server.rb:271:in `block in run'
  puma (3.2.0) lib/puma/thread_pool.rb:111:in `call'
  puma (3.2.0) lib/puma/thread_pool.rb:111:in `block in spawn_thread'


  Rendered /home/brolim/.rvm/gems/ruby-2.2.1/gems/actionpack-4.2.0/lib/action_dispatch/middleware/templates/rescues/_trace.html.erb (1.8ms)
  Rendered /home/brolim/.rvm/gems/ruby-2.2.1/gems/actionpack-4.2.0/lib/action_dispatch/middleware/templates/routes/_route.html.erb (0.8ms)
  Rendered /home/brolim/.rvm/gems/ruby-2.2.1/gems/actionpack-4.2.0/lib/action_dispatch/middleware/templates/routes/_table.html.erb (6.2ms)
  Rendered /home/brolim/.rvm/gems/ruby-2.2.1/gems/actionpack-4.2.0/lib/action_dispatch/middleware/templates/rescues/_request_and_response.html.erb (1.5ms)
  Rendered /home/brolim/.rvm/gems/ruby-2.2.1/gems/actionpack-4.2.0/lib/action_dispatch/middleware/templates/rescues/routing_error.html.erb within rescues/layout (30.0ms)


Started GET "/alarmes/criar_ou_atualizar" for 127.0.0.1 at 2016-03-23 18:03:07 -0300
Processing by AlarmesController#criar_ou_atualizar as HTML
Completed 200 OK in 864ms (Views: 1.4ms)


Started GET "/" for 127.0.0.1 at 2016-03-23 18:05:20 -0300
Processing by HomeController#index as HTML
  Rendered home/index.erb within layouts/application (0.1ms)
Completed 200 OK in 6ms (Views: 5.8ms)


Started GET "/alarmes/criar_ou_atualizar" for 127.0.0.1 at 2016-03-23 18:06:14 -0300
Processing by AlarmesController#criar_ou_atualizar as HTML
Completed 200 OK in 1039ms (Views: 0.8ms)


Started GET "/alarmes/criar_ou_atualizar" for 127.0.0.1 at 2016-03-23 18:14:56 -0300
Processing by AlarmesController#criar_ou_atualizar as HTML
Completed 200 OK in 884ms (Views: 0.3ms)


Started GET "/alarmes/criar_ou_atualizar" for 127.0.0.1 at 2016-03-23 18:15:37 -0300
Processing by AlarmesController#criar_ou_atualizar as HTML
Completed 200 OK in 684ms (Views: 0.3ms)


Started GET "/alarmes/desativar" for 127.0.0.1 at 2016-03-23 18:15:46 -0300
Processing by AlarmesController#desativar as HTML
Completed 200 OK in 911ms (Views: 0.3ms)


Started GET "/" for 127.0.0.1 at 2016-03-25 15:50:33 -0300
Processing by DroneController#index as HTML
Completed 500 Internal Server Error in 14ms

ActionView::MissingTemplate (Missing template drone/index, application/index with {:locale=>[:en], :formats=>[:html], :variants=>[], :handlers=>[:erb, :builder, :raw, :ruby]}. Searched in:
  * "/home/brolim/projetos/drails/app/views"
):
  actionview (4.2.0) lib/action_view/path_set.rb:46:in `find'
  actionview (4.2.0) lib/action_view/lookup_context.rb:121:in `find'
  actionview (4.2.0) lib/action_view/renderer/abstract_renderer.rb:18:in `find_template'
  actionview (4.2.0) lib/action_view/renderer/template_renderer.rb:40:in `determine_template'
  actionview (4.2.0) lib/action_view/renderer/template_renderer.rb:8:in `render'
  actionview (4.2.0) lib/action_view/renderer/renderer.rb:42:in `render_template'
  actionview (4.2.0) lib/action_view/renderer/renderer.rb:23:in `render'
  actionview (4.2.0) lib/action_view/rendering.rb:100:in `_render_template'
  actionpack (4.2.0) lib/action_controller/metal/streaming.rb:217:in `_render_template'
  actionview (4.2.0) lib/action_view/rendering.rb:83:in `render_to_body'
  actionpack (4.2.0) lib/action_controller/metal/rendering.rb:32:in `render_to_body'
  actionpack (4.2.0) lib/action_controller/metal/renderers.rb:37:in `render_to_body'
  actionpack (4.2.0) lib/abstract_controller/rendering.rb:25:in `render'
  actionpack (4.2.0) lib/action_controller/metal/rendering.rb:16:in `render'
  actionpack (4.2.0) lib/action_controller/metal/instrumentation.rb:41:in `block (2 levels) in render'
  activesupport (4.2.0) lib/active_support/core_ext/benchmark.rb:12:in `block in ms'
  /home/brolim/.rvm/rubies/ruby-2.2.1/lib/ruby/2.2.0/benchmark.rb:303:in `realtime'
  activesupport (4.2.0) lib/active_support/core_ext/benchmark.rb:12:in `ms'
  actionpack (4.2.0) lib/action_controller/metal/instrumentation.rb:41:in `block in render'
  actionpack (4.2.0) lib/action_controller/metal/instrumentation.rb:84:in `cleanup_view_runtime'
  actionpack (4.2.0) lib/action_controller/metal/instrumentation.rb:40:in `render'
  actionpack (4.2.0) lib/action_controller/metal/implicit_render.rb:10:in `default_render'
  actionpack (4.2.0) lib/action_controller/metal/implicit_render.rb:5:in `send_action'
  actionpack (4.2.0) lib/abstract_controller/base.rb:198:in `process_action'
  actionpack (4.2.0) lib/action_controller/metal/rendering.rb:10:in `process_action'
  actionpack (4.2.0) lib/abstract_controller/callbacks.rb:20:in `block in process_action'
  activesupport (4.2.0) lib/active_support/callbacks.rb:117:in `call'
  activesupport (4.2.0) lib/active_support/callbacks.rb:117:in `call'
  activesupport (4.2.0) lib/active_support/callbacks.rb:234:in `block in halting'
  activesupport (4.2.0) lib/active_support/callbacks.rb:169:in `call'
  activesupport (4.2.0) lib/active_support/callbacks.rb:169:in `block in halting'
  activesupport (4.2.0) lib/active_support/callbacks.rb:92:in `call'
  activesupport (4.2.0) lib/active_support/callbacks.rb:92:in `_run_callbacks'
  activesupport (4.2.0) lib/active_support/callbacks.rb:734:in `_run_process_action_callbacks'
  activesupport (4.2.0) lib/active_support/callbacks.rb:81:in `run_callbacks'
  actionpack (4.2.0) lib/abstract_controller/callbacks.rb:19:in `process_action'
  actionpack (4.2.0) lib/action_controller/metal/rescue.rb:29:in `process_action'
  actionpack (4.2.0) lib/action_controller/metal/instrumentation.rb:31:in `block in process_action'
  activesupport (4.2.0) lib/active_support/notifications.rb:164:in `block in instrument'
  activesupport (4.2.0) lib/active_support/notifications/instrumenter.rb:20:in `instrument'
  activesupport (4.2.0) lib/active_support/notifications.rb:164:in `instrument'
  actionpack (4.2.0) lib/action_controller/metal/instrumentation.rb:30:in `process_action'
  actionpack (4.2.0) lib/action_controller/metal/params_wrapper.rb:250:in `process_action'
  actionpack (4.2.0) lib/abstract_controller/base.rb:137:in `process'
  actionview (4.2.0) lib/action_view/rendering.rb:30:in `process'
  actionpack (4.2.0) lib/action_controller/metal.rb:195:in `dispatch'
  actionpack (4.2.0) lib/action_controller/metal/rack_delegation.rb:13:in `dispatch'
  actionpack (4.2.0) lib/action_controller/metal.rb:236:in `block in action'
  actionpack (4.2.0) lib/action_dispatch/routing/route_set.rb:73:in `call'
  actionpack (4.2.0) lib/action_dispatch/routing/route_set.rb:73:in `dispatch'
  actionpack (4.2.0) lib/action_dispatch/routing/route_set.rb:42:in `serve'
  actionpack (4.2.0) lib/action_dispatch/journey/router.rb:43:in `block in serve'
  actionpack (4.2.0) lib/action_dispatch/journey/router.rb:30:in `each'
  actionpack (4.2.0) lib/action_dispatch/journey/router.rb:30:in `serve'
  actionpack (4.2.0) lib/action_dispatch/routing/route_set.rb:802:in `call'
  rack (1.6.4) lib/rack/etag.rb:24:in `call'
  rack (1.6.4) lib/rack/conditionalget.rb:25:in `call'
  rack (1.6.4) lib/rack/head.rb:13:in `call'
  actionpack (4.2.0) lib/action_dispatch/middleware/params_parser.rb:27:in `call'
  actionpack (4.2.0) lib/action_dispatch/middleware/flash.rb:260:in `call'
  rack (1.6.4) lib/rack/session/abstract/id.rb:225:in `context'
  rack (1.6.4) lib/rack/session/abstract/id.rb:220:in `call'
  actionpack (4.2.0) lib/action_dispatch/middleware/cookies.rb:560:in `call'
  actionpack (4.2.0) lib/action_dispatch/middleware/callbacks.rb:29:in `block in call'
  activesupport (4.2.0) lib/active_support/callbacks.rb:88:in `call'
  activesupport (4.2.0) lib/active_support/callbacks.rb:88:in `_run_callbacks'
  activesupport (4.2.0) lib/active_support/callbacks.rb:734:in `_run_call_callbacks'
  activesupport (4.2.0) lib/active_support/callbacks.rb:81:in `run_callbacks'
  actionpack (4.2.0) lib/action_dispatch/middleware/callbacks.rb:27:in `call'
  actionpack (4.2.0) lib/action_dispatch/middleware/reloader.rb:73:in `call'
  actionpack (4.2.0) lib/action_dispatch/middleware/remote_ip.rb:78:in `call'
  actionpack (4.2.0) lib/action_dispatch/middleware/debug_exceptions.rb:17:in `call'
  actionpack (4.2.0) lib/action_dispatch/middleware/show_exceptions.rb:30:in `call'
  railties (4.2.0) lib/rails/rack/logger.rb:38:in `call_app'
  railties (4.2.0) lib/rails/rack/logger.rb:20:in `block in call'
  activesupport (4.2.0) lib/active_support/tagged_logging.rb:68:in `block in tagged'
  activesupport (4.2.0) lib/active_support/tagged_logging.rb:26:in `tagged'
  activesupport (4.2.0) lib/active_support/tagged_logging.rb:68:in `tagged'
  railties (4.2.0) lib/rails/rack/logger.rb:20:in `call'
  actionpack (4.2.0) lib/action_dispatch/middleware/request_id.rb:21:in `call'
  rack (1.6.4) lib/rack/methodoverride.rb:22:in `call'
  rack (1.6.4) lib/rack/runtime.rb:18:in `call'
  activesupport (4.2.0) lib/active_support/cache/strategy/local_cache_middleware.rb:28:in `call'
  rack (1.6.4) lib/rack/lock.rb:17:in `call'
  actionpack (4.2.0) lib/action_dispatch/middleware/static.rb:113:in `call'
  rack (1.6.4) lib/rack/sendfile.rb:113:in `call'
  railties (4.2.0) lib/rails/engine.rb:518:in `call'
  railties (4.2.0) lib/rails/application.rb:164:in `call'
  rack (1.6.4) lib/rack/content_length.rb:15:in `call'
  puma (3.2.0) lib/puma/configuration.rb:227:in `call'
  puma (3.2.0) lib/puma/server.rb:561:in `handle_request'
  puma (3.2.0) lib/puma/server.rb:406:in `process_client'
  puma (3.2.0) lib/puma/server.rb:271:in `block in run'
  puma (3.2.0) lib/puma/thread_pool.rb:111:in `call'
  puma (3.2.0) lib/puma/thread_pool.rb:111:in `block in spawn_thread'


  Rendered /home/brolim/.rvm/gems/ruby-2.2.1/gems/actionpack-4.2.0/lib/action_dispatch/middleware/templates/rescues/_source.erb (5.1ms)
  Rendered /home/brolim/.rvm/gems/ruby-2.2.1/gems/actionpack-4.2.0/lib/action_dispatch/middleware/templates/rescues/_trace.html.erb (1.9ms)
  Rendered /home/brolim/.rvm/gems/ruby-2.2.1/gems/actionpack-4.2.0/lib/action_dispatch/middleware/templates/rescues/_request_and_response.html.erb (9.3ms)
  Rendered /home/brolim/.rvm/gems/ruby-2.2.1/gems/actionpack-4.2.0/lib/action_dispatch/middleware/templates/rescues/missing_template.html.erb within rescues/layout (32.6ms)


Started GET "/" for 127.0.0.1 at 2016-03-25 15:51:31 -0300
Processing by DroneController#index as HTML
  Rendered drone/index.erb within layouts/application (0.8ms)
Completed 200 OK in 175ms (Views: 174.5ms)


Started GET "/assets/application.self-e3b0c44298fc1c149afbf4c8996fb92427ae41e4649b934ca495991b7852b855.css?body=1" for 127.0.0.1 at 2016-03-25 15:51:31 -0300


Started GET "/assets/application.self-e3b0c44298fc1c149afbf4c8996fb92427ae41e4649b934ca495991b7852b855.js?body=1" for 127.0.0.1 at 2016-03-25 15:51:31 -0300


Started GET "/" for 127.0.0.1 at 2016-03-25 15:51:38 -0300
Processing by DroneController#index as HTML
  Rendered drone/index.erb within layouts/application (0.6ms)
Completed 200 OK in 10ms (Views: 9.8ms)


Started GET "/assets/application.self-e3b0c44298fc1c149afbf4c8996fb92427ae41e4649b934ca495991b7852b855.js?body=1" for 127.0.0.1 at 2016-03-25 15:51:39 -0300


Started GET "/assets/application.self-e3b0c44298fc1c149afbf4c8996fb92427ae41e4649b934ca495991b7852b855.css?body=1" for 127.0.0.1 at 2016-03-25 15:51:39 -0300


Started GET "/" for 127.0.0.1 at 2016-03-25 15:54:50 -0300
Processing by DroneController#index as HTML
  Rendered drone/index.erb within layouts/application (0.1ms)
Completed 200 OK in 11ms (Views: 11.0ms)


Started GET "/assets/application.self-e3b0c44298fc1c149afbf4c8996fb92427ae41e4649b934ca495991b7852b855.css?body=1" for 127.0.0.1 at 2016-03-25 15:54:50 -0300


Started GET "/assets/application.self-e3b0c44298fc1c149afbf4c8996fb92427ae41e4649b934ca495991b7852b855.js?body=1" for 127.0.0.1 at 2016-03-25 15:54:50 -0300


Started GET "/dasdsa" for 127.0.0.1 at 2016-03-25 15:54:53 -0300

ActionController::RoutingError (No route matches [GET] "/dasdsa"):
  actionpack (4.2.0) lib/action_dispatch/middleware/debug_exceptions.rb:21:in `call'
  actionpack (4.2.0) lib/action_dispatch/middleware/show_exceptions.rb:30:in `call'
  railties (4.2.0) lib/rails/rack/logger.rb:38:in `call_app'
  railties (4.2.0) lib/rails/rack/logger.rb:20:in `block in call'
  activesupport (4.2.0) lib/active_support/tagged_logging.rb:68:in `block in tagged'
  activesupport (4.2.0) lib/active_support/tagged_logging.rb:26:in `tagged'
  activesupport (4.2.0) lib/active_support/tagged_logging.rb:68:in `tagged'
  railties (4.2.0) lib/rails/rack/logger.rb:20:in `call'
  actionpack (4.2.0) lib/action_dispatch/middleware/request_id.rb:21:in `call'
  rack (1.6.4) lib/rack/methodoverride.rb:22:in `call'
  rack (1.6.4) lib/rack/runtime.rb:18:in `call'
  activesupport (4.2.0) lib/active_support/cache/strategy/local_cache_middleware.rb:28:in `call'
  rack (1.6.4) lib/rack/lock.rb:17:in `call'
  actionpack (4.2.0) lib/action_dispatch/middleware/static.rb:113:in `call'
  rack (1.6.4) lib/rack/sendfile.rb:113:in `call'
  railties (4.2.0) lib/rails/engine.rb:518:in `call'
  railties (4.2.0) lib/rails/application.rb:164:in `call'
  rack (1.6.4) lib/rack/content_length.rb:15:in `call'
  puma (3.2.0) lib/puma/configuration.rb:227:in `call'
  puma (3.2.0) lib/puma/server.rb:561:in `handle_request'
  puma (3.2.0) lib/puma/server.rb:406:in `process_client'
  puma (3.2.0) lib/puma/server.rb:271:in `block in run'
  puma (3.2.0) lib/puma/thread_pool.rb:111:in `call'
  puma (3.2.0) lib/puma/thread_pool.rb:111:in `block in spawn_thread'


  Rendered /home/brolim/.rvm/gems/ruby-2.2.1/gems/actionpack-4.2.0/lib/action_dispatch/middleware/templates/rescues/_trace.html.erb (2.1ms)
  Rendered /home/brolim/.rvm/gems/ruby-2.2.1/gems/actionpack-4.2.0/lib/action_dispatch/middleware/templates/routes/_route.html.erb (1.1ms)
  Rendered /home/brolim/.rvm/gems/ruby-2.2.1/gems/actionpack-4.2.0/lib/action_dispatch/middleware/templates/routes/_table.html.erb (229.0ms)
  Rendered /home/brolim/.rvm/gems/ruby-2.2.1/gems/actionpack-4.2.0/lib/action_dispatch/middleware/templates/rescues/_request_and_response.html.erb (11.2ms)
  Rendered /home/brolim/.rvm/gems/ruby-2.2.1/gems/actionpack-4.2.0/lib/action_dispatch/middleware/templates/rescues/routing_error.html.erb within rescues/layout (354.0ms)
